[32minfo[39m: Server Started {"environment":"development","port":"4000","service":"taxguard-api-gateway","timestamp":"2025-10-02T18:25:49.764Z","version":"1.0.0"}
đźš€ TaxGuard API Gateway running on port 4000
đź“š API Documentation: http://localhost:4000/api-docs
đźŹĄ Health Check: http://localhost:4000/health
SIEM logging failed: Error
[32minfo[39m: API Request {"ip":"::1","method":"GET","service":"taxguard-api-gateway","timestamp":"2025-10-02T18:25:58.474Z","url":"/health","userAgent":"curl/8.15.0","version":"1.0.0"}
SIEM logging failed: Error
[32minfo[39m: API Request {"ip":"::1","method":"GET","service":"taxguard-api-gateway","timestamp":"2025-10-02T18:26:03.811Z","url":"/health","userAgent":"curl/8.15.0","version":"1.0.0"}
SIEM logging failed: Error
[32minfo[39m: API Request {"ip":"::1","method":"GET","service":"taxguard-api-gateway","timestamp":"2025-10-02T18:26:03.836Z","url":"/api-docs","userAgent":"curl/8.15.0","version":"1.0.0"}
SIEM logging failed: Error
[32minfo[39m: API Request {"ip":"::1","method":"GET","service":"taxguard-api-gateway","timestamp":"2025-10-02T18:26:03.851Z","url":"/apis","userAgent":"curl/8.15.0","version":"1.0.0"}
SIEM logging failed: Error
[32minfo[39m: API Request {"ip":"::1","method":"POST","service":"taxguard-api-gateway","timestamp":"2025-10-02T18:26:08.866Z","url":"/api/auth/login","userAgent":"curl/8.15.0","version":"1.0.0"}
[32minfo[39m: AUTH_SUCCESS {"eventType":"authentication","ip":"::1","role":"admin","service":"taxguard-api-gateway","timestamp":"2025-10-02T18:26:08.974Z","userId":3,"username":"admin1","version":"1.0.0"}
SIEM logging failed: Error
SIEM logging failed: Error
[32minfo[39m: API Request {"ip":"::ffff:127.0.0.1","method":"GET","service":"taxguard-api-gateway","timestamp":"2025-10-02T18:27:08.744Z","url":"/apis","userAgent":"Mozilla/5.0 (X11; Linux x86_64; rv:128.0) Gecko/20100101 Firefox/128.0","version":"1.0.0"}
SIEM logging failed: Error
[32minfo[39m: API Request {"ip":"::ffff:127.0.0.1","method":"GET","service":"taxguard-api-gateway","timestamp":"2025-10-02T18:27:13.900Z","url":"/health","userAgent":"Mozilla/5.0 (X11; Linux x86_64; rv:128.0) Gecko/20100101 Firefox/128.0","version":"1.0.0"}
SIEM logging failed: Error
[32minfo[39m: API Request {"ip":"::ffff:127.0.0.1","method":"GET","service":"taxguard-api-gateway","timestamp":"2025-10-02T18:27:23.572Z","url":"/api-docs","userAgent":"Mozilla/5.0 (X11; Linux x86_64; rv:128.0) Gecko/20100101 Firefox/128.0","version":"1.0.0"}
SIEM logging failed: Error
[32minfo[39m: API Request {"ip":"::ffff:127.0.0.1","method":"GET","service":"taxguard-api-gateway","timestamp":"2025-10-02T18:27:40.383Z","url":"/api-docs","userAgent":"Mozilla/5.0 (X11; Linux x86_64; rv:128.0) Gecko/20100101 Firefox/128.0","version":"1.0.0"}
SIEM logging failed: Error
[32minfo[39m: API Request {"ip":"::1","method":"POST","service":"taxguard-api-gateway","timestamp":"2025-10-02T18:30:22.266Z","url":"/api/auth/login","userAgent":"curl/8.15.0","version":"1.0.0"}
[32minfo[39m: AUTH_SUCCESS {"eventType":"authentication","ip":"::1","role":"admin","service":"taxguard-api-gateway","timestamp":"2025-10-02T18:30:22.356Z","userId":3,"username":"admin1","version":"1.0.0"}
SIEM logging failed: Error
SIEM logging failed: Error
[32minfo[39m: API Request {"ip":"::1","method":"GET","service":"taxguard-api-gateway","timestamp":"2025-10-02T18:30:31.114Z","url":"/api/auth/profile","userAgent":"curl/8.15.0","version":"1.0.0"}
[32minfo[39m: Authentication Success {"ip":"::1","role":"admin","service":"taxguard-api-gateway","timestamp":"2025-10-02T18:30:31.119Z","userId":3,"version":"1.0.0"}
[32minfo[39m: DATA_ACCESS {"action":"profile_access","eventType":"data_access","ip":"::1","service":"taxguard-api-gateway","timestamp":"2025-10-02T18:30:31.122Z","userId":3,"version":"1.0.0"}
SIEM logging failed: Error
SIEM logging failed: Error
SIEM logging failed: Error
[32minfo[39m: API Request {"ip":"::1","method":"POST","service":"taxguard-api-gateway","timestamp":"2025-10-02T18:30:41.083Z","url":"/api/events","userAgent":"curl/8.15.0","version":"1.0.0"}
[32minfo[39m: Authentication Success {"ip":"::1","role":"admin","service":"taxguard-api-gateway","timestamp":"2025-10-02T18:30:41.085Z","userId":3,"version":"1.0.0"}
[32minfo[39m: API_CALL {"action":"event_submission","anonymizedUserId":"TPN-12345-ANON","eventType":"api_usage","ip":"::1","service":"taxguard-api-gateway","timestamp":"2025-10-02T18:30:41.089Z","userId":3,"version":"1.0.0"}
SIEM logging failed: Error
SIEM logging failed: Error
SIEM logging failed: Error
[31merror[39m: Event Submission Failed {"error":"Error","ip":"::1","service":"taxguard-api-gateway","stack":"AggregateError: Error\n    at AxiosError.from (/home/kaps100/ZRA-Hackathon-TaxGuard-AI-GhostBuster/api-gateway/node_modules/axios/dist/node/axios.cjs:905:14)\n    at RedirectableRequest.handleRequestError (/home/kaps100/ZRA-Hackathon-TaxGuard-AI-GhostBuster/api-gateway/node_modules/axios/dist/node/axios.cjs:3326:25)\n    at RedirectableRequest.emit (node:events:536:35)\n    at eventHandlers.<computed> (/home/kaps100/ZRA-Hackathon-TaxGuard-AI-GhostBuster/api-gateway/node_modules/follow-redirects/index.js:49:24)\n    at ClientRequest.emit (node:events:524:28)\n    at emitErrorEvent (node:_http_client:101:11)\n    at Socket.socketErrorListener (node:_http_client:504:5)\n    at Socket.emit (node:events:524:28)\n    at emitErrorNT (node:internal/streams/destroy:169:8)\n    at emitErrorCloseNT (node:internal/streams/destroy:128:3)\n    at Axios.request (/home/kaps100/ZRA-Hackathon-TaxGuard-AI-GhostBuster/api-gateway/node_modules/axios/dist/node/axios.cjs:4483:41)\n    at process.processTicksAndRejections (node:internal/process/task_queues:95:5)\n    at async /home/kaps100/ZRA-Hackathon-TaxGuard-AI-GhostBuster/api-gateway/routes/events.js:60:36","timestamp":"2025-10-02T18:30:41.097Z","userId":3,"version":"1.0.0"}
SIEM logging failed: Error
[32minfo[39m: API Request {"ip":"::1","method":"GET","service":"taxguard-api-gateway","timestamp":"2025-10-02T18:30:47.868Z","url":"/api/events","userAgent":"curl/8.15.0","version":"1.0.0"}
[32minfo[39m: Authentication Success {"ip":"::1","role":"admin","service":"taxguard-api-gateway","timestamp":"2025-10-02T18:30:47.871Z","userId":3,"version":"1.0.0"}
[32minfo[39m: DATA_ACCESS {"action":"events_list","eventType":"data_access","filters":{"limit":50,"offset":0},"ip":"::1","service":"taxguard-api-gateway","timestamp":"2025-10-02T18:30:47.873Z","userId":3,"userRole":"admin","version":"1.0.0"}
SIEM logging failed: Error
SIEM logging failed: Error
SIEM logging failed: Error
[31merror[39m: Events List Failed {"error":"Error","ip":"::1","service":"taxguard-api-gateway","stack":"AggregateError: Error\n    at AxiosError.from (/home/kaps100/ZRA-Hackathon-TaxGuard-AI-GhostBuster/api-gateway/node_modules/axios/dist/node/axios.cjs:905:14)\n    at RedirectableRequest.handleRequestError (/home/kaps100/ZRA-Hackathon-TaxGuard-AI-GhostBuster/api-gateway/node_modules/axios/dist/node/axios.cjs:3326:25)\n    at RedirectableRequest.emit (node:events:536:35)\n    at eventHandlers.<computed> (/home/kaps100/ZRA-Hackathon-TaxGuard-AI-GhostBuster/api-gateway/node_modules/follow-redirects/index.js:49:24)\n    at ClientRequest.emit (node:events:524:28)\n    at emitErrorEvent (node:_http_client:101:11)\n    at Socket.socketErrorListener (node:_http_client:504:5)\n    at Socket.emit (node:events:524:28)\n    at emitErrorNT (node:internal/streams/destroy:169:8)\n    at emitErrorCloseNT (node:internal/streams/destroy:128:3)\n    at Axios.request (/home/kaps100/ZRA-Hackathon-TaxGuard-AI-GhostBuster/api-gateway/node_modules/axios/dist/node/axios.cjs:4483:41)\n    at process.processTicksAndRejections (node:internal/process/task_queues:95:5)\n    at async /home/kaps100/ZRA-Hackathon-TaxGuard-AI-GhostBuster/api-gateway/routes/events.js:214:36","timestamp":"2025-10-02T18:30:47.880Z","userId":3,"version":"1.0.0"}
SIEM logging failed: Error
