
> taxguard-api-gateway@1.0.0 start
> node server.js

[32minfo[39m: Server Started {"environment":"development","port":"4000","service":"taxguard-api-gateway","timestamp":"2025-10-02T15:46:30.937Z","version":"1.0.0"}
đźš€ TaxGuard API Gateway running on port 4000
đź“š API Documentation: http://localhost:4000/api-docs
đźŹĄ Health Check: http://localhost:4000/health
SIEM logging failed: Error
[32minfo[39m: API Request {"ip":"::1","method":"POST","service":"taxguard-api-gateway","timestamp":"2025-10-02T15:46:33.137Z","url":"/api/auth/login","userAgent":"curl/8.15.0","version":"1.0.0"}
[32minfo[39m: AUTH_SUCCESS {"eventType":"authentication","ip":"::1","role":"taxpayer","service":"taxguard-api-gateway","timestamp":"2025-10-02T15:46:33.242Z","userId":1,"username":"taxpayer1","version":"1.0.0"}
SIEM logging failed: Error
SIEM logging failed: Error
[32minfo[39m: API Request {"ip":"::1","method":"POST","service":"taxguard-api-gateway","timestamp":"2025-10-02T15:46:38.638Z","url":"/api/auth/login","userAgent":"curl/8.15.0","version":"1.0.0"}
[32minfo[39m: AUTH_SUCCESS {"eventType":"authentication","ip":"::1","role":"taxpayer","service":"taxguard-api-gateway","timestamp":"2025-10-02T15:46:38.725Z","userId":1,"username":"taxpayer1","version":"1.0.0"}
SIEM logging failed: Error
SIEM logging failed: Error
[32minfo[39m: API Request {"ip":"::1","method":"POST","service":"taxguard-api-gateway","timestamp":"2025-10-02T15:46:44.384Z","url":"/api/auth/login","userAgent":"curl/8.15.0","version":"1.0.0"}
[32minfo[39m: AUTH_SUCCESS {"eventType":"authentication","ip":"::1","role":"taxpayer","service":"taxguard-api-gateway","timestamp":"2025-10-02T15:46:44.485Z","userId":1,"username":"taxpayer1","version":"1.0.0"}
SIEM logging failed: Error
SIEM logging failed: Error
[32minfo[39m: API Request {"ip":"::1","method":"GET","service":"taxguard-api-gateway","timestamp":"2025-10-02T15:46:50.516Z","url":"/health","userAgent":"axios/1.12.2","version":"1.0.0"}
SIEM logging failed: Error
[32minfo[39m: API Request {"ip":"::1","method":"GET","service":"taxguard-api-gateway","timestamp":"2025-10-02T15:46:50.531Z","url":"/health","userAgent":"axios/1.12.2","version":"1.0.0"}
SIEM logging failed: Error
[32minfo[39m: API Request {"ip":"::1","method":"POST","service":"taxguard-api-gateway","timestamp":"2025-10-02T15:46:50.539Z","url":"/api/auth/login","userAgent":"axios/1.12.2","version":"1.0.0"}
[32minfo[39m: AUTH_SUCCESS {"eventType":"authentication","ip":"::1","role":"taxpayer","service":"taxguard-api-gateway","timestamp":"2025-10-02T15:46:50.623Z","userId":1,"username":"taxpayer1","version":"1.0.0"}
SIEM logging failed: Error
SIEM logging failed: Error
[32minfo[39m: API Request {"ip":"::1","method":"POST","service":"taxguard-api-gateway","timestamp":"2025-10-02T15:46:50.628Z","url":"/api/auth/login","userAgent":"axios/1.12.2","version":"1.0.0"}
[32minfo[39m: AUTH_SUCCESS {"eventType":"authentication","ip":"::1","role":"auditor","service":"taxguard-api-gateway","timestamp":"2025-10-02T15:46:50.709Z","userId":2,"username":"auditor1","version":"1.0.0"}
SIEM logging failed: Error
SIEM logging failed: Error
[32minfo[39m: API Request {"ip":"::1","method":"POST","service":"taxguard-api-gateway","timestamp":"2025-10-02T15:46:50.715Z","url":"/api/events","userAgent":"axios/1.12.2","version":"1.0.0"}
[32minfo[39m: Authentication Success {"ip":"::1","role":"taxpayer","service":"taxguard-api-gateway","timestamp":"2025-10-02T15:46:50.719Z","userId":1,"version":"1.0.0"}
[32minfo[39m: API_CALL {"action":"event_submission","anonymizedUserId":"integration-test-user-001","eventType":"api_usage","ip":"::1","service":"taxguard-api-gateway","timestamp":"2025-10-02T15:46:50.723Z","userId":1,"version":"1.0.0"}
SIEM logging failed: Error
SIEM logging failed: Error
SIEM logging failed: Error
[32minfo[39m: Event Submitted Successfully {"blockIndex":7,"eventId":"9f83528f-2ddf-4706-87a9-58fe21c5df3d","eventType":"filing","ip":"::1","service":"taxguard-api-gateway","timestamp":"2025-10-02T15:46:50.759Z","userId":1,"version":"1.0.0"}
SIEM logging failed: Error
[32minfo[39m: API Request {"ip":"::1","method":"GET","service":"taxguard-api-gateway","timestamp":"2025-10-02T15:46:50.765Z","url":"/api/events/9f83528f-2ddf-4706-87a9-58fe21c5df3d","userAgent":"axios/1.12.2","version":"1.0.0"}
[32minfo[39m: Authentication Success {"ip":"::1","role":"auditor","service":"taxguard-api-gateway","timestamp":"2025-10-02T15:46:50.767Z","userId":2,"version":"1.0.0"}
[32minfo[39m: DATA_ACCESS {"action":"event_retrieval","eventId":"9f83528f-2ddf-4706-87a9-58fe21c5df3d","eventType":"data_access","ip":"::1","service":"taxguard-api-gateway","timestamp":"2025-10-02T15:46:50.769Z","userId":2,"userRole":"auditor","version":"1.0.0"}
[31merror[39m: Event Retrieval Failed {"error":"events.find is not a function","eventId":"9f83528f-2ddf-4706-87a9-58fe21c5df3d","ip":"::1","service":"taxguard-api-gateway","stack":"TypeError: events.find is not a function\n    at /home/kaps100/ZRA-Hackathon-TaxGuard-AI-GhostBuster/api-gateway/routes/events.js:152:30\n    at process.processTicksAndRejections (node:internal/process/task_queues:95:5)","timestamp":"2025-10-02T15:46:50.773Z","userId":2,"version":"1.0.0"}
SIEM logging failed: Error
SIEM logging failed: Error
SIEM logging failed: Error
SIEM logging failed: Error
[32minfo[39m: API Request {"ip":"::1","method":"GET","service":"taxguard-api-gateway","timestamp":"2025-10-02T15:47:12.208Z","url":"/health","userAgent":"axios/1.12.2","version":"1.0.0"}
SIEM logging failed: Error
[32minfo[39m: API Request {"ip":"::1","method":"POST","service":"taxguard-api-gateway","timestamp":"2025-10-02T15:47:12.219Z","url":"/api/auth/login","userAgent":"axios/1.12.2","version":"1.0.0"}
[32minfo[39m: AUTH_SUCCESS {"eventType":"authentication","ip":"::1","role":"taxpayer","service":"taxguard-api-gateway","timestamp":"2025-10-02T15:47:12.301Z","userId":1,"username":"taxpayer1","version":"1.0.0"}
SIEM logging failed: Error
SIEM logging failed: Error
[32minfo[39m: API Request {"ip":"::1","method":"POST","service":"taxguard-api-gateway","timestamp":"2025-10-02T15:47:12.306Z","url":"/api/events","userAgent":"axios/1.12.2","version":"1.0.0"}
[32minfo[39m: Authentication Success {"ip":"::1","role":"taxpayer","service":"taxguard-api-gateway","timestamp":"2025-10-02T15:47:12.307Z","userId":1,"version":"1.0.0"}
[32minfo[39m: API_CALL {"action":"event_submission","anonymizedUserId":"test-user-001","eventType":"api_usage","ip":"::1","service":"taxguard-api-gateway","timestamp":"2025-10-02T15:47:12.309Z","userId":1,"version":"1.0.0"}
SIEM logging failed: Error
SIEM logging failed: Error
SIEM logging failed: Error
[32minfo[39m: Event Submitted Successfully {"blockIndex":8,"eventId":"e33a16eb-95c5-4058-9f9b-927bdff2fbf1","eventType":"filing","ip":"::1","service":"taxguard-api-gateway","timestamp":"2025-10-02T15:47:12.313Z","userId":1,"version":"1.0.0"}
SIEM logging failed: Error
[32minfo[39m: API Request {"ip":"::1","method":"POST","service":"taxguard-api-gateway","timestamp":"2025-10-02T15:47:12.318Z","url":"/api/auth/login","userAgent":"axios/1.12.2","version":"1.0.0"}
[32minfo[39m: AUTH_SUCCESS {"eventType":"authentication","ip":"::1","role":"auditor","service":"taxguard-api-gateway","timestamp":"2025-10-02T15:47:12.401Z","userId":2,"username":"auditor1","version":"1.0.0"}
SIEM logging failed: Error
SIEM logging failed: Error
[32minfo[39m: API Request {"ip":"::1","method":"GET","service":"taxguard-api-gateway","timestamp":"2025-10-02T15:47:12.406Z","url":"/api/events?limit=5","userAgent":"axios/1.12.2","version":"1.0.0"}
[32minfo[39m: Authentication Success {"ip":"::1","role":"auditor","service":"taxguard-api-gateway","timestamp":"2025-10-02T15:47:12.407Z","userId":2,"version":"1.0.0"}
[32minfo[39m: DATA_ACCESS {"action":"events_list","eventType":"data_access","filters":{"limit":"5","offset":0},"ip":"::1","service":"taxguard-api-gateway","timestamp":"2025-10-02T15:47:12.408Z","userId":2,"userRole":"auditor","version":"1.0.0"}
[31merror[39m: Events List Failed {"error":"events.slice is not a function","ip":"::1","service":"taxguard-api-gateway","stack":"TypeError: events.slice is not a function\n    at /home/kaps100/ZRA-Hackathon-TaxGuard-AI-GhostBuster/api-gateway/routes/events.js:240:40\n    at process.processTicksAndRejections (node:internal/process/task_queues:95:5)","timestamp":"2025-10-02T15:47:12.411Z","userId":2,"version":"1.0.0"}
SIEM logging failed: Error
SIEM logging failed: Error
SIEM logging failed: Error
SIEM logging failed: Error
