
> taxguard-blockchain@1.0.0 multi-node
> node scripts/multi-node.js

✅ Genesis block created
🚀 Deploying TaxGuard Blockchain...
✅ Event evt-001 added to blockchain
✅ Event evt-002 added to blockchain
✅ Event evt-003 added to blockchain

📊 Blockchain Status:
{
  length: 4,
  latestBlock: {
    index: 3,
    timestamp: '2025-10-02T07:54:09.850Z',
    data: {
      eventId: 'evt-003',
      eventType: 'auditFlag',
      timestamp: '2025-10-01T12:15:00Z',
      anonymizedUserId: 'user-ghi789',
      hashOfPayload: 'd2d2d2d2d2d2d2d2d2d2d2d2d2d2d2d2d2d2d2d2d2d2d2d2d2d2d2d2d2d2d2d2',
      notes: 'Flagged for unusual VAT filing variance',
      blockIndex: 3
    },
    previousHash: '07d94dcd1484efe210f840d123b7fd84261bc3d215abd533402f8617130b02c4',
    hash: '5a50c2fe789952060f105b89949c370c4675e60a8347d375b9e558e213b286f3'
  },
  totalEvents: 3
}

📋 All Events:
[
  {
    eventId: 'evt-001',
    eventType: 'filing',
    timestamp: '2025-10-01T10:30:00Z',
    anonymizedUserId: 'user-abc123',
    hashOfPayload: 'e3b0c44298fc1c149afbf4c8996fb92427ae41e4649b934ca495991b7852b855',
    notes: 'VAT return for September 2025',
    blockIndex: 1
  },
  {
    eventId: 'evt-002',
    eventType: 'payment',
    timestamp: '2025-10-01T11:00:00Z',
    anonymizedUserId: 'user-def456',
    hashOfPayload: '5d41402abc4b2a76b9719d911017c592',
    notes: 'Income tax payment',
    blockIndex: 2
  },
  {
    eventId: 'evt-003',
    eventType: 'auditFlag',
    timestamp: '2025-10-01T12:15:00Z',
    anonymizedUserId: 'user-ghi789',
    hashOfPayload: 'd2d2d2d2d2d2d2d2d2d2d2d2d2d2d2d2d2d2d2d2d2d2d2d2d2d2d2d2d2d2d2d2',
    notes: 'Flagged for unusual VAT filing variance',
    blockIndex: 3
  }
]
🌐 Starting TaxGuard Blockchain Network...
✅ Genesis block created
✅ Genesis block created
✅ Genesis block created
🔗 Connected nodes ZRA-Node-1 and ZRA-Node-2
🔗 Connected nodes ZRA-Node-2 and ZRA-Node-3
🔗 Connected nodes ZRA-Node-1 and ZRA-Node-3
✅ Multi-node blockchain network started!
📊 Node endpoints:
   - Node 1: http://localhost:3011/node/info
   - Node 2: http://localhost:3012/node/info
   - Node 3: http://localhost:3013/node/info
🚀 Blockchain Node ZRA-Node-1 running on port 3011
🚀 Blockchain Node ZRA-Node-2 running on port 3012
🚀 Blockchain Node ZRA-Node-3 running on port 3013
